,ID,LAT_START,LON_START,BTM_DEPTH_START,START_DATE,DROGUE_DEPTH_START,DROGUE_DEPTH_END,DEPLOYER,COMMUNICATION,TYPE,MANUFACTURER,INSTITUTE,PROJECT,DISTANCE,NDAYS,NOTES,SN,ACCURACY,DROGUEDIA,YRDAY0_GMT,END_DATE	,LAT_END,LON_END	,PI,VESSEL
0,170420702,36.4826,-45.2709,,2017-10-19T01:59:00Z,,,,GLOBALSTAR,Irina,LEAP,LEAP,,,,,1358464,1,1,,2019-09-18T03:40:00Z,,,Wilkins,
1,1674207013,42.4921,-70.8198,,2017-07-13T19:26:00Z,,,,GLOBALSTAR,Irina,LEAP,LEAP,,,,,1368780,1,1,,2017-07-15T18:38:00Z,,,Wilkins,
2,184390731,42.5652,-43.4987,,2018-04-18T02:23:00Z,,,,GLOBALSTAR,Irina,STOCKTON,STOCKTON,,,,,1366709,1,1,,2019-04-09T23:36:00Z,,,Pfeiffer-Herbert,
3,185420704,42.5316,-70.8397,,2018-05-16T23:52:00Z,,,,GLOBALSTAR,Irina,SSCW,SSCW,,,,,1367080,1,1,,2018-05-18T23:53:00Z,,,Flaherty,
4,186420701,38.5749,-66.9764,,2018-05-29T20:42:00Z,,,,GLOBALSTAR,Irina,SSCW,SSCW,,,,,1367080,1,1,,2019-04-04T06:19:00Z,,,Flaherty,
5,187420704,42.5283,-70.7733,,2018-07-24T18:58:00Z,,,,GLOBALSTAR,Irina,SSCW,SSCW,,,,,1329014,1,1,,2018-07-26T11:31:00Z,,,Flaherty,
6,180430701,42.4947,-70.7501,,2017-05-16T18:02:00Z,,,,GLOBALSTAR,Irina,NHLP,NHLP,,,,,1353591,1,1,,2017-05-25T14:08:00Z,,,Pagano,
7,193420701,42.5858,-69.8743,,2018-03-30T22:15:00Z,,,,GLOBALSTAR,Irina,MA,MA,,,,,1329326,1,1,,2018-12-31T16:03:00Z,,,Greenwood,
8,193420702,41.2516,-61.5882,,2019-03-30T18:20:00Z,,,,GLOBALSTAR,Irina,MA,MA,,,,,1328941,1,1,,2019-10-27T11:23:00Z,,,Greenwood,
9,196410721,41.3166,-72.0605,,2019-06-06T15:15:00Z,,,,GLOBALSTAR,Irina,WHS,WHS,,,,,373510,1,1,,2019-06-27T18:38:00Z,,,OConner,RV_Neil_Armstrong
10,193410691,29.7787,-88.3389,,2019-04-12T00:57:00Z,,,,GLOBALSTAR,Irina,PRIN,PRIN,,,,,1375997,1,1,,2019-05-29T02:17:00Z,,,Farson,RV_Jim_Franks
11,193410693,29.7791,-88.3392,,2019-04-12T01:07:00Z,,,,GLOBALSTAR,Irina,PRIN,PRIN,,,,,1374547,1,1,,2019-05-27T00:22:00Z,,,Farson,RV_Jim_Franks
12,196410711,38.0267,-74.506,,2019-06-05T20:54:00Z,,,,GLOBALSTAR,Irina,FAMA,FAMA,,,,,3329709,1,1,,2019-08-26T03:26:00Z,,,Milliken,FV_Karen_Elizabeth
13,196440671,44.8868,-66.0141,,2019-06-16T07:38:00Z,,,,GLOBALSTAR,Irina,ECOHAB,ECOHAB,,,,,1367258,1,1,,2019-07-07T21:15:00Z,,,McGillicuddy,Grand_Manan_Adventure_Ferry
14,196440672,44.7054,-66.4037,,2019-06-16T07:57:00Z,,,,GLOBALSTAR,Irina,ECOHAB,ECOHAB,,,,,1377555,1,1,,2019-07-10T18:21:00Z,,,McGillicuddy,Grand_Manan_Adventure_Ferry
15,196440673,45.1432,-65.1422,,2019-06-16T08:51:00Z,,,,GLOBALSTAR,Irina,ECOHAB,ECOHAB,,,,,1367684,1,1,,2019-09-08T07:07:00Z,,,McGillicuddy,Grand_Manan_Adventure_Ferry
16,196440674,44.5372,-66.387,,2019-06-16T08:40:00Z,,,,GLOBALSTAR,Irina,ECOHAB,ECOHAB,,,,,1375683,1,1,,2019-06-28T16:52:00Z,,,McGillicuddy,Grand_Manan_Adventure_Ferry
17,197440671,44.7003,-66.416,,2019-07-11T17:30:00Z,,,,GLOBALSTAR,Irina,ECOHAB,ECOHAB,,,,,1356422,1,1,,2019-10-11T22:14:00Z,,,McGillicuddy,Grand_Manan_Adventure_Ferry
18,197440672,44.7456,-66.4858,,2019-07-11T18:22:00Z,,,,GLOBALSTAR,Irina,ECOHAB,ECOHAB,,,,,1376563,1,1,,2019-08-24T01:12:00Z,,,McGillicuddy,Grand_Manan_Adventure_Ferry
19,197440673,44.3791,-66.9601,,2019-07-11T06:35:00Z,,,,GLOBALSTAR,Irina,ECOHAB,ECOHAB,,,,,1376941,1,1,,2019-07-16T11:21:00Z,,,McGillicuddy,Grand_Manan_Adventure_Ferry
20,197440674,45.0947,-65.5639,,2019-07-11T17:26:00Z,,,,GLOBALSTAR,Irina,ECOHAB,ECOHAB,,,,,1377494,1,1,,2019-09-30T15:47:00Z,,,McGillicuddy,Grand_Manan_Adventure_Ferry
21,197440675,44.7362,-66.4997,,2019-07-11T18:20:00Z,,,,GLOBALSTAR,Irina,ECOHAB,ECOHAB,,,,,1348191,1,1,,2020-01-31T10:05:00Z,,,McGillicuddy,Grand_Manan_Adventure_Ferry
22,197440671,44.7003,-66.416,,2019-07-11T17:30:00Z,,,,GLOBALSTAR,Irina,ECOHAB,ECOHAB,,,,,1356422,1,1,,2019-10-11T22:14:00Z,,,McGillicuddy,Grand_Manan_Adventure_Ferry
23,197440672,44.7456,-66.4858,,2019-07-11T18:22:00Z,,,,GLOBALSTAR,Irina,ECOHAB,ECOHAB,,,,,1376563,1,1,,2019-08-24T01:12:00Z,,,McGillicuddy,Grand_Manan_Adventure_Ferry
24,197440673,44.3791,-66.9601,,2019-07-11T06:35:00Z,,,,GLOBALSTAR,Irina,ECOHAB,ECOHAB,,,,,1376941,1,1,,2019-07-16T11:21:00Z,,,McGillicuddy,Grand_Manan_Adventure_Ferry
25,197440674,45.0947,-65.5639,,2019-07-11T17:26:00Z,,,,GLOBALSTAR,Irina,ECOHAB,ECOHAB,,,,,1377494,1,1,,2019-09-30T15:47:00Z,,,McGillicuddy,Grand_Manan_Adventure_Ferry
26,197440675,44.7362,-66.4997,,2019-07-11T18:20:00Z,,,,GLOBALSTAR,Irina,ECOHAB,ECOHAB,,,,,1348191,1,1,,2020-01-31T10:05:00Z,,,McGillicuddy,Grand_Manan_Adventure_Ferry
27,196430861,43.1866,-86.4718,,2019-06-20T02:04:00Z,,,,GLOBALSTAR,Irina,GLERL,GLERL,,,,,1354816,1,1,,2019-08-28T19:13:00Z,,,Ruberg,
28,199450641,45.3679,-64.572,,2019-09-10T18:58:00Z,,,,GLOBALSTAR,Irina,ACADIA,ACADIA,,,,,1368875,1,1,,2019-10-11T05:29:00Z,,,Redden,
29,198390691,39.5197,-69.8664,,2019-08-06T13:21:00Z,,,,GLOBALSTAR,Irina,STACEYNSF,STACEYNSF,,,,,1351628,1,1,,2019-11-14T00:39:00Z,,,Strong,RV_Thompson
30,199410811,41.7287,-81.6954,,2019-09-12T20:09:00Z,,,,GLOBALSTAR,Irina,GLERL,GLERL,,,,,1352220,1,1,,2019-09-23T19:44:00Z,,,Ruberg,
31,199410812,41.8562,-81.5131,,2019-09-12T20:21:00Z,,,,GLOBALSTAR,Irina,GLERL,GLERL,,,,,1368848,1,1,,2019-11-16T12:12:00Z,,,Ruberg,
32,199410813,41.8581,-81.3776,,2019-09-12T20:12:00Z,,,,GLOBALSTAR,Irina,GLERL,GLERL,,,,,1350740,1,1,,2019-12-18T20:07:00Z,,,Ruberg,
33,196390731,38.8969,-73.6101,,2019-10-15T23:01:00Z,,,,GLOBALSTAR,Irina,SHCSH,SHCSH,,,,,1379437,1,1,,2020-01-11T09:58:00Z,,,Frank,Rutgers
34,190410701,41.838,-70.1941,,2019-10-31T23:03:00Z,,,,GLOBALSTAR,Irina,BCHIGH,BCHIGH,,,,,1367839,1,1,,2019-11-13T15:06:00Z,,,Gourlis,MV_Albatross
35,190410705,41.8961,-70.1316,,2019-11-14T20:30:00Z,,,,GLOBALSTAR,Irina,GOMI,GOMI,,,,,3329687,1,1,,2019-11-18T22:20:00Z,,,Cummings,
36,190410701,41.838,-70.1941,,2019-10-31T23:03:00Z,,,,GLOBALSTAR,Irina,AUDUBON,AUDUBON,,,,,1367839,1,1,,2019-11-13T15:06:00Z,,,Prescott,
37,190410702,40.4035,-71.4654,,2019-10-31T21:44:00Z,,,,GLOBALSTAR,Irina,AUDUBON,AUDUBON,,,,,1350866,1,1,,2020-01-14T12:11:00Z,,,Prescott,
38,190410705,41.8961,-70.1316,,2019-11-14T20:30:00Z,,,,GLOBALSTAR,Irina,AUDUBON,AUDUBON,,,,,3329687,1,1,,2019-11-18T22:20:00Z,,,Prescott,
39,190410708,41.8969,-70.132,,2019-11-14T20:12:00Z,,,,GLOBALSTAR,Irina,AUDUBON,AUDUBON,,,,,1367074,1,1,,2019-11-17T08:48:00Z,,,Prescott,
40,1904107010,41.8959,-70.1322,,2019-11-15T20:50:00Z,,,,GLOBALSTAR,Irina,AUDUBON,AUDUBON,,,,,1352216,1,1,,2019-11-22T03:08:00Z,,,Prescott,
41,1904107012,41.8967,-70.1286,,2019-11-19T20:25:00Z,,,,GLOBALSTAR,Irina,AUDUBON,AUDUBON,,,,,1367212,1,1,,2019-11-26T17:36:00Z,,,Prescott,
42,1904107013,41.8971,-70.1336,,2019-11-19T19:31:00Z,,,,GLOBALSTAR,Irina,AUDUBON,AUDUBON,,,,,1350769,1,1,,2019-12-03T08:35:00Z,,,Prescott,
43,1904107016,41.9584,-70.0858,,2019-11-24T19:59:00Z,,,,GLOBALSTAR,Irina,AUDUBON,AUDUBON,,,,,1352216,1,1,,2019-11-27T11:16:00Z,,,Prescott,
44,1904107018,41.8949,-70.1357,,2019-11-27T00:51:00Z,,,,GLOBALSTAR,Irina,AUDUBON,AUDUBON,,,,,1367074,1,1,,2019-12-01T11:36:00Z,,,Prescott,
45,1904107019,41.9048,-70.1344,,2019-11-27T01:36:00Z,,,,GLOBALSTAR,Irina,AUDUBON,AUDUBON,,,,,3329687,1,1,,2019-11-29T01:02:00Z,,,Prescott,
46,174420701,42.3409,-69.2252,,2017-04-19T17:32:00Z,,,,GLOBALSTAR,Irina,GOMI,GOMI,,,,,1350376,1,1,,2017-07-06T13:56:00Z,,,Cummings,
47,175420702,42.4927,-70.7458,,2017-05-16T17:57:00Z,,,,GLOBALSTAR,Irina,GOMI,GOMI,,,,,1348765,1,1,,2017-07-19T18:20:00Z,,,Cummings,
48,175420703,42.5308,-70.6787,,2017-05-17T00:59:00Z,,,,GLOBALSTAR,Irina,GOMI,GOMI,,,,,1367080,1,1,,2017-05-29T20:46:00Z,,,Cummings,
49,175420704,42.5004,-70.7454,,2017-05-19T23:29:00Z,,,,GLOBALSTAR,Irina,GOMI,GOMI,,,,,1353274,1,1,,2017-06-06T08:22:00Z,,,Cummings,
50,176420701,42.8179,-70.6012,,2017-06-08T21:03:00Z,,,,GLOBALSTAR,Irina,GOMI,GOMI,,,,,1377484,1,1,,2017-09-12T03:26:00Z,,,Cummings,
51,176420702,44.4758,-67.2659,,2017-06-08T21:26:00Z,,,,GLOBALSTAR,Irina,GOMI,GOMI,,,,,1377475,1,1,,2017-11-29T02:22:00Z,,,Cummings,
52,176420703,42.5495,-66.5581,,2017-06-14T20:05:00Z,,,,GLOBALSTAR,Irina,GOMI,GOMI,,,,,1377496,1,1,,2018-07-14T09:54:00Z,,,Cummings,
53,176420704,42.8106,-70.5786,,2017-06-14T20:02:00Z,,,,GLOBALSTAR,Irina,GOMI,GOMI,,,,,1351631,1,1,,2017-09-09T20:38:00Z,,,Cummings,
54,178420708,42.3056,-70.3931,,2017-08-22T21:30:00Z,,,,GLOBALSTAR,Irina,GOMI,GOMI,,,,,1377573,1,1,,2017-09-13T23:44:00Z,,,Cummings,
55,180430701,42.4947,-70.7501,,2017-05-16T18:02:00Z,,,,GLOBALSTAR,Irina,GOMI,GOMI,,,,,1353591,1,1,,2017-05-25T14:08:00Z,,,Cummings,
56,176400671,38.0084,-73.2747,,2017-07-11T07:23:00Z,,,,GLOBALSTAR,Irina,WHOIBIO,WHOIBIO,,,,,1350654,1,1,,2017-12-15T04:53:00Z,,,Hernandez,RV_Bigelow
57,176400672,41.2998,-26.3223,,2017-07-11T07:30:00Z,,,,GLOBALSTAR,Irina,WHOIBIO,WHOIBIO,,,,,1358231,1,1,,2018-02-13T21:56:00Z,,,Hernandez,RV_Bigelow
58,176400673,41.6759,-64.8859,,2017-07-11T07:32:00Z,,,,GLOBALSTAR,Irina,WHOIBIO,WHOIBIO,,,,,1377555,1,1,,2017-08-03T23:50:00Z,,,Hernandez,RV_Bigelow
59,177420704,43.3134,-49.548,,2017-08-10T18:30:00Z,,,,GLOBALSTAR,Irina,CSCR,CSCR,,,,,1356823,1,1,,2018-05-08T02:45:00Z,,,Buckley,
60,177420705,42.2852,-70.6988,,2017-08-10T18:38:00Z,,,,GLOBALSTAR,Irina,CSCR,CSCR,,,,,1359066,1,1,,2017-10-08T19:06:00Z,,,Buckley,
61,177420707,39.9454,-47.3893,,2017-08-10T18:20:00Z,,,,GLOBALSTAR,Irina,CSCR,CSCR,,,,,1358026,1,1,,2018-05-12T12:42:00Z,,,Buckley,
62,170430701,43.6723,-70.1763,,2017-11-04T20:23:00Z,,,,GLOBALSTAR,Irina,SMCC,SMCC,,,,,1346688,1,1,,2017-11-08T00:22:00Z,,,Tarbox,
63,170430702,43.342,-68.6463,,2017-11-28T16:14:00Z,,,,GLOBALSTAR,Irina,SMCC,SMCC,,,,,1346688,1,1,,2018-02-24T20:13:00Z,,,Tarbox,
64,185420704,42.5316,-70.8397,,2018-05-16T23:52:00Z,,,,GLOBALSTAR,Irina,GOMI,GOMI,,,,,1367080,1,1,,2018-05-18T23:53:00Z,,,Cummings,
